<?xml version="1.0" encoding="UTF-8"?>
<testsuite name="com.example.project.TestDay2" tests="1" skipped="0" failures="0" errors="0" timestamp="2024-12-19T13:30:36" hostname="codespaces-432542" time="0.012">
  <properties/>
  <testcase name="testSortNames()" classname="com.example.project.TestDay2" time="0.012"/>
  <system-out><![CDATA[]]></system-out>
  <system-err><![CDATA[]]></system-err>
</testsuite>
